_START_COMPUTING_ -1
int -1
id (12, 0)
; -1
int -1
id (6, 0)
; -1
int -1
id (29, 0)
; -1
_STOP_DEC_ -1
read -1
( -1
id (12, 0)
) -1
; -1
read -1
( -1
id (6, 0)
) -1
; -1
read -1
( -1
id (29, 0)
) -1
; -1
if -1
( -1
id (12, 0)
>= -1
id (6, 0)
&& -1
id (12, 0)
>= -1
id (29, 0)
) -1
{ -1
print -1
( -1
id (12, 0)
) -1
; -1
} -1
else -1
if -1
( -1
id (6, 0)
>= -1
id (12, 0)
&& -1
id (6, 0)
>= -1
id (29, 0)
) -1
{ -1
print -1
( -1
id (6, 0)
) -1
; -1
} -1
else -1
if -1
( -1
id (29, 0)
>= -1
id (12, 0)
&& -1
id (29, 0)
>= -1
id (6, 0)
) -1
{ -1
print -1
( -1
id (29, 0)
) -1
; -1
} -1
_STOP_COMPUTING_ -1
