_START_COMPUTING_ -1
int -1
[ -1
const (25, 0)
] -1
id (20, 0)
; -1
int -1
id (9, 0)
; -1
int -1
id (4, 0)
= -1
const (18, 0)
; -1
int -1
id (5, 1)
= -1
const (18, 0)
; -1
int -1
id (11, 0)
= -1
const (18, 0)
; -1
_STOP_DEC_ -1
while -1
( -1
id (9, 0)
!= -1
const (4, 1)
) -1
{ -1
read -1
( -1
id (9, 0)
) -1
; -1
id (20, 0)
[ -1
id (4, 0)
] -1
= -1
id (9, 0)
; -1
id (4, 0)
= -1
id (4, 0)
+ -1
const (19, 0)
; -1
} -1
while -1
( -1
id (5, 1)
< -1
id (4, 0)
) -1
{ -1
id (11, 0)
= -1
id (11, 0)
+ -1
id (20, 0)
; -1
id (5, 1)
= -1
id (5, 1)
+ -1
const (19, 0)
; -1
} -1
_STOP_COMPUTING_ -1
